WARNING:traitlets:Message signing is disabled.  This is insecure and not recommended!
WARNING:traitlets:Message signing is disabled.  This is insecure and not recommended!
DBT library not installed.
INFO:mage_ai.server.scheduler_manager:Start scheduler.
Initializing global job manager:  <mage_ai.orchestration.job_manager.JobManager object at 0xffff5c5999a0>
INFO:mage_ai.server.active_kernel:Switch active kernel: python3
INFO:alembic.runtime.migration:Context impl SQLiteImpl.
INFO:alembic.runtime.migration:Will assume non-transactional DDL.
/bin/sh: 1: free: not found
INFO:heart_failure_pipeline/1/20241117T000000:{"cpu": 0.0322265625, "cpu_total": 8, "cpu_usage": 0.0040283203125, "memory": null, "memory_total": null, "memory_usage": null, "pipeline_run_id": 2, "pipeline_schedule_id": 1, "pipeline_uuid": "heart_failure_pipeline", "hostname": "0755ae36dac7", "level": "INFO", "message": "Pipeline heart_failure_pipeline for run 2 in schedule 1 is alive.", "timestamp": 1731805334.420935, "uuid": "11b2e02f52784db5bf922afed483a8ae"}
Command 'free -t -m' returned non-zero exit status 127.
[ProcessQueue] Enqueue job block_run_7
[Process 40] Worker pool size: 0
INFO:mage_ai.orchestration.pipeline_scheduler_original:Active pipeline runs: [2]
/bin/sh: 1: free: not found
INFO:heart_failure_pipeline/1/20241117T000000:{"cpu": 0.0322265625, "cpu_total": 8, "cpu_usage": 0.0040283203125, "memory": null, "memory_total": null, "memory_usage": null, "pipeline_run_id": 2, "pipeline_schedule_id": 1, "pipeline_uuid": "heart_failure_pipeline", "hostname": "0755ae36dac7", "level": "INFO", "message": "Pipeline heart_failure_pipeline for run 2 in schedule 1 is alive.", "timestamp": 1731805334.496145, "uuid": "a42134fc9db849dfa05be5cfa9ac4fd0"}
INFO:mage_ai.server.server:Mage is running at http://localhost:6789 and serving project /app/heart_failure_project
INFO:mage_ai.server.server:Initializing block cache.
INFO:mage_ai.server.server:Initializing pipeline cache.
INFO:heart_failure_pipeline/1/20241117T000000:{"block_run_id": 7, "block_uuid": "load_data", "pipeline_run_id": 2, "pipeline_schedule_id": 1, "pipeline_uuid": "heart_failure_pipeline", "hostname": "0755ae36dac7", "level": "INFO", "message": "Execute PipelineRun 2, BlockRun 7: pipeline heart_failure_pipeline block load_data", "timestamp": 1731805334.544558, "uuid": "f671aa7836d446ceb8939abb9f30e09c"}
INFO:mage_ai.server.server:Initializing tag cache.
INFO:heart_failure_pipeline/1/20241117T000000/load_data:{"block_run_id": 7, "block_uuid": "load_data", "pipeline_run_id": 2, "pipeline_schedule_id": 1, "pipeline_uuid": "heart_failure_pipeline", "hostname": "0755ae36dac7", "block_type": "data_loader", "level": "INFO", "message": "Start executing block with BlockExecutor.", "timestamp": 1731805334.552849, "uuid": "30c78b37afde4ac38d030fa5fb4ae541"}
INFO:mage_ai.server.server:Initializing block action object cache.
INFO:heart_failure_pipeline/1/20241117T000000/load_data:{"block_run_id": 7, "block_uuid": "load_data", "pipeline_run_id": 2, "pipeline_schedule_id": 1, "pipeline_uuid": "heart_failure_pipeline", "hostname": "0755ae36dac7", "block_type": "data_loader", "level": "INFO", "message": "Datos cargados exitosamente: 918 filas, 12 columnas.", "timestamp": 1731805334.568301, "uuid": "5ee987c87dfc4198928e79c26feceb2a"}
INFO:heart_failure_pipeline/1/20241117T000000/load_data:{"block_run_id": 7, "block_uuid": "load_data", "pipeline_run_id": 2, "pipeline_schedule_id": 1, "pipeline_uuid": "heart_failure_pipeline", "hostname": "0755ae36dac7", "block_type": "data_loader", "level": "INFO", "message": "--------------------------------------------------------------", "timestamp": 1731805334.657618, "uuid": "14c39230e96f41adba9be7521d15ad3d"}
INFO:heart_failure_pipeline/1/20241117T000000/load_data:{"block_run_id": 7, "block_uuid": "load_data", "pipeline_run_id": 2, "pipeline_schedule_id": 1, "pipeline_uuid": "heart_failure_pipeline", "hostname": "0755ae36dac7", "block_type": "data_loader", "level": "INFO", "message": "1/1 tests passed.", "timestamp": 1731805334.658035, "uuid": "93769bf7e6c44cb8a2e1228435c13be5"}
INFO:heart_failure_pipeline/1/20241117T000000/load_data:{"block_run_id": 7, "block_uuid": "load_data", "pipeline_run_id": 2, "pipeline_schedule_id": 1, "pipeline_uuid": "heart_failure_pipeline", "hostname": "0755ae36dac7", "block_type": "data_loader", "level": "INFO", "message": "Finish executing block with BlockExecutor.", "timestamp": 1731805334.658403, "uuid": "92945068e45941bf856be9940506b4ed"}
INFO:heart_failure_pipeline/1/20241117T000000:{"block_run_id": 7, "block_uuid": "load_data", "pipeline_run_id": 2, "pipeline_schedule_id": 1, "pipeline_uuid": "heart_failure_pipeline", "hostname": "0755ae36dac7", "level": "INFO", "message": "BlockRun 7 (block_uuid: load_data) completes.", "timestamp": 1731805334.668186, "uuid": "a83b896382b1454fae97028f00c1d5e3"}
Run worker for job block_run_7
[Process 40] Worker pool size: 0
INFO:tornado.access:200 GET /pipelines/heart_failure_pipeline/triggers (192.168.65.1) 26.23ms
INFO:tornado.access:304 GET /_next/static/chunks/7849-e52eeca7d1a2b973.js (192.168.65.1) 12.89ms
INFO:tornado.access:304 GET /_next/static/chunks/2055-2325ad52bb24afdc.js (192.168.65.1) 14.80ms
INFO:tornado.access:304 GET /_next/static/chunks/26-d3f1e439a49f6b82.js (192.168.65.1) 25.15ms
INFO:tornado.access:304 GET /favicon.ico (192.168.65.1) 3.69ms
INFO:tornado.access:304 GET /_next/static/chunks/3782-4b3091e550f809a2.js (192.168.65.1) 1.03ms
INFO:tornado.access:304 GET /_next/static/chunks/5544-3427bdf859d76f34.js (192.168.65.1) 1.64ms
INFO:tornado.access:304 GET /_next/static/chunks/9624-34e996a8c64019f9.js (192.168.65.1) 2.30ms
INFO:tornado.access:304 GET /_next/static/chunks/2717-d65056b6b5e124eb.js (192.168.65.1) 2.17ms
INFO:tornado.access:304 GET /_next/static/chunks/pages/pipelines/%5Bpipeline%5D/triggers-3af13e89adff4d6c.js (192.168.65.1) 4.26ms
INFO:mage_ai.api.logging:[2024-11-17T01:02:23.991682][api.views] Action: list pipeline_schedules heart_failure_pipeline pipelines heart_failure_pipeline
INFO:mage_ai.api.logging:[2024-11-17T01:02:23.992216][api.views] Latency: 0.2240 seconds
INFO:tornado.access:200 GET /api/pipelines/heart_failure_pipeline/pipeline_schedules?_limit=30&_offset=0&api_key=zkWlN0PkIKSN0C11CfUHUj84OT5XOJ6tDZ6bDRO2 (192.168.65.1) 240.19ms
INFO:mage_ai.api.logging:[2024-11-17T01:02:24.047986][api.views] Action: list variables heart_failure_pipeline pipelines heart_failure_pipeline
INFO:mage_ai.api.logging:[2024-11-17T01:02:24.053203][api.views] Latency: 0.0524 seconds
INFO:tornado.access:304 GET /api/pipelines/heart_failure_pipeline/variables?global_only=true&api_key=zkWlN0PkIKSN0C11CfUHUj84OT5XOJ6tDZ6bDRO2 (192.168.65.1) 330.22ms
INFO:mage_ai.server.active_kernel:Switch active kernel: python3
INFO:mage_ai.server.active_kernel:Kernel python3 is already alive.
INFO:mage_ai.api.logging:[2024-11-17T01:02:24.272126][api.views] Action: list tags None  
INFO:mage_ai.api.logging:[2024-11-17T01:02:24.272267][api.views] Latency: 0.0384 seconds
INFO:tornado.access:304 GET /api/tags?api_key=zkWlN0PkIKSN0C11CfUHUj84OT5XOJ6tDZ6bDRO2 (192.168.65.1) 47.82ms
INFO:mage_ai.api.logging:[2024-11-17T01:02:24.305390][api.views] Action: list pipeline_triggers heart_failure_pipeline pipelines heart_failure_pipeline
INFO:mage_ai.api.logging:[2024-11-17T01:02:24.305715][api.views] Latency: 0.0209 seconds
INFO:tornado.access:304 GET /api/pipelines/heart_failure_pipeline/pipeline_triggers?api_key=zkWlN0PkIKSN0C11CfUHUj84OT5XOJ6tDZ6bDRO2 (192.168.65.1) 33.64ms
INFO:tornado.access:304 GET /_next/static/chunks/3c0f772d.3148f1b388e7eacd.js (192.168.65.1) 7.96ms
INFO:tornado.access:304 GET /_next/static/chunks/5c0b189e.4b9c326460aea3ac.js (192.168.65.1) 8.92ms
INFO:mage_ai.api.logging:[2024-11-17T01:02:24.321763][api.views] Action: detail client_pages pipeline_schedule:create  
INFO:mage_ai.api.logging:[2024-11-17T01:02:24.322496][api.views] Latency: 0.2282 seconds
INFO:tornado.access:304 GET /api/client_pages/pipeline_schedule:create?pipelines[]=heart_failure_pipeline&api_key=zkWlN0PkIKSN0C11CfUHUj84OT5XOJ6tDZ6bDRO2 (192.168.65.1) 560.68ms
INFO:tornado.access:304 GET /_next/static/chunks/72fdc299.18e83e06e3395a2f.js (192.168.65.1) 11.46ms
INFO:mage_ai.api.logging:[2024-11-17T01:02:24.344198][api.views] Action: detail pipelines heart_failure_pipeline  
INFO:mage_ai.api.logging:[2024-11-17T01:02:24.344963][api.views] Latency: 0.1963 seconds
INFO:tornado.access:304 GET /api/pipelines/heart_failure_pipeline?includes_outputs=false&api_key=zkWlN0PkIKSN0C11CfUHUj84OT5XOJ6tDZ6bDRO2 (192.168.65.1) 588.07ms
INFO:tornado.access:304 GET /_next/static/chunks/413.7db119c191a5dd77.js (192.168.65.1) 5.35ms
INFO:tornado.access:304 GET /_next/static/chunks/3860.2a79d6f1f5b5e602.js (192.168.65.1) 3.42ms
INFO:mage_ai.orchestration.pipeline_scheduler_original:Active pipeline runs: [2]
/bin/sh: 1: free: not found
INFO:heart_failure_pipeline/1/20241117T000000:{"cpu": 0.09130859375, "cpu_total": 8, "cpu_usage": 0.01141357421875, "memory": null, "memory_total": null, "memory_usage": null, "pipeline_run_id": 2, "pipeline_schedule_id": 1, "pipeline_uuid": "heart_failure_pipeline", "hostname": "0755ae36dac7", "level": "INFO", "message": "Pipeline heart_failure_pipeline for run 2 in schedule 1 is alive.", "timestamp": 1731805344.706687, "uuid": "4da7e6dd9713442ebf98686b957b0480"}
Command 'free -t -m' returned non-zero exit status 127.
Command 'free -t -m' returned non-zero exit status 127.
[ProcessQueue] Enqueue job block_run_8
[Process 121] Worker pool size: 0
INFO:heart_failure_pipeline/1/20241117T000000:{"block_run_id": 8, "block_uuid": "preprocess", "pipeline_run_id": 2, "pipeline_schedule_id": 1, "pipeline_uuid": "heart_failure_pipeline", "hostname": "0755ae36dac7", "level": "INFO", "message": "Execute PipelineRun 2, BlockRun 8: pipeline heart_failure_pipeline block preprocess", "timestamp": 1731805344.83225, "uuid": "2a7d8b55f05b413a8ffafa4a2c6d46cd"}
INFO:heart_failure_pipeline/1/20241117T000000/preprocess:{"block_run_id": 8, "block_uuid": "preprocess", "pipeline_run_id": 2, "pipeline_schedule_id": 1, "pipeline_uuid": "heart_failure_pipeline", "hostname": "0755ae36dac7", "block_type": "transformer", "level": "INFO", "message": "Start executing block with BlockExecutor.", "timestamp": 1731805344.840517, "uuid": "3db8213e319f44d9a962fa17675c9fc1"}
INFO:heart_failure_pipeline/1/20241117T000000/preprocess:{"block_run_id": 8, "block_uuid": "preprocess", "pipeline_run_id": 2, "pipeline_schedule_id": 1, "pipeline_uuid": "heart_failure_pipeline", "hostname": "0755ae36dac7", "block_type": "transformer", "level": "INFO", "message": "Limpieza y transformaci\u00f3n de datos...", "timestamp": 1731805344.930999, "uuid": "0853a7799fc44a9bb95f9e53acc48794"}
INFO:heart_failure_pipeline/1/20241117T000000/preprocess:{"block_run_id": 8, "block_uuid": "preprocess", "pipeline_run_id": 2, "pipeline_schedule_id": 1, "pipeline_uuid": "heart_failure_pipeline", "hostname": "0755ae36dac7", "block_type": "transformer", "level": "INFO", "message": "Validando datos...", "timestamp": 1731805344.943639, "uuid": "6565d86342114c948dd2ced731af0e65"}
INFO:heart_failure_pipeline/1/20241117T000000/preprocess:{"block_run_id": 8, "block_uuid": "preprocess", "pipeline_run_id": 2, "pipeline_schedule_id": 1, "pipeline_uuid": "heart_failure_pipeline", "hostname": "0755ae36dac7", "block_type": "transformer", "level": "INFO", "message": "Guardando datos procesados en data/processed_data.csv...", "timestamp": 1731805344.949397, "uuid": "2ba33b57e6c641c48c4f6fe4bb526e08"}
INFO:heart_failure_pipeline/1/20241117T000000/preprocess:{"block_run_id": 8, "block_uuid": "preprocess", "pipeline_run_id": 2, "pipeline_schedule_id": 1, "pipeline_uuid": "heart_failure_pipeline", "hostname": "0755ae36dac7", "block_type": "transformer", "level": "INFO", "message": "Datos procesados y guardados exitosamente.", "timestamp": 1731805344.958677, "uuid": "e6227a1d270049ea95e3f44c50ec31b0"}
INFO:heart_failure_pipeline/1/20241117T000000/preprocess:{"block_run_id": 8, "block_uuid": "preprocess", "pipeline_run_id": 2, "pipeline_schedule_id": 1, "pipeline_uuid": "heart_failure_pipeline", "hostname": "0755ae36dac7", "block_type": "transformer", "level": "INFO", "message": "--------------------------------------------------------------", "timestamp": 1731805345.007794, "uuid": "750eef39ec9b42d3b0080d398fcb5944"}
INFO:heart_failure_pipeline/1/20241117T000000/preprocess:{"block_run_id": 8, "block_uuid": "preprocess", "pipeline_run_id": 2, "pipeline_schedule_id": 1, "pipeline_uuid": "heart_failure_pipeline", "hostname": "0755ae36dac7", "block_type": "transformer", "level": "INFO", "message": "1/1 tests passed.", "timestamp": 1731805345.008242, "uuid": "259742209a58486586d3aea0a3513bd1"}
INFO:heart_failure_pipeline/1/20241117T000000/preprocess:{"block_run_id": 8, "block_uuid": "preprocess", "pipeline_run_id": 2, "pipeline_schedule_id": 1, "pipeline_uuid": "heart_failure_pipeline", "hostname": "0755ae36dac7", "block_type": "transformer", "level": "INFO", "message": "Finish executing block with BlockExecutor.", "timestamp": 1731805345.008536, "uuid": "e97210df45a549d9989c4336ec9aa063"}
INFO:heart_failure_pipeline/1/20241117T000000:{"block_run_id": 8, "block_uuid": "preprocess", "pipeline_run_id": 2, "pipeline_schedule_id": 1, "pipeline_uuid": "heart_failure_pipeline", "hostname": "0755ae36dac7", "level": "INFO", "message": "BlockRun 8 (block_uuid: preprocess) completes.", "timestamp": 1731805345.021383, "uuid": "9a47a9c37bd04aa9b2f5c5f0a5298eca"}
Run worker for job block_run_8
INFO:mage_ai.server.scheduler_manager:Scheduler status: running.
INFO:mage_ai.orchestration.pipeline_scheduler_original:Active pipeline runs: [2]
/bin/sh: 1: free: not found
INFO:heart_failure_pipeline/1/20241117T000000:{"cpu": 0.14404296875, "cpu_total": 8, "cpu_usage": 0.01800537109375, "memory": null, "memory_total": null, "memory_usage": null, "pipeline_run_id": 2, "pipeline_schedule_id": 1, "pipeline_uuid": "heart_failure_pipeline", "hostname": "0755ae36dac7", "level": "INFO", "message": "Pipeline heart_failure_pipeline for run 2 in schedule 1 is alive.", "timestamp": 1731805354.927041, "uuid": "a63d7e4d45d043348b4f91cd2221ee98"}
Process Worker-2:2:1:
Traceback (most recent call last):
  File "/usr/local/lib/python3.9/multiprocessing/process.py", line 315, in _bootstrap
    self.run()
  File "/usr/local/lib/python3.9/site-packages/newrelic/api/background_task.py", line 117, in wrapper
    return wrapped(*args, **kwargs)
  File "/usr/local/lib/python3.9/site-packages/mage_ai/orchestration/queue/process_queue.py", line 310, in run
    if self.job_dict[job_id] != JobStatus.QUEUED:
  File "<string>", line 2, in __getitem__
  File "/usr/local/lib/python3.9/multiprocessing/managers.py", line 825, in _callmethod
    raise convert_to_error(kind, result)
KeyError: 'block_run_9'
Run worker for job block_run_9
INFO:mage_ai.api.logging:[2024-11-17T01:02:35.847937][api.views] Action: detail git_branches test  
INFO:mage_ai.api.logging:[2024-11-17T01:02:35.848620][api.views] Latency: 0.4271 seconds
INFO:tornado.access:304 GET /api/git_branches/test?_format=with_basic_details&api_key=zkWlN0PkIKSN0C11CfUHUj84OT5XOJ6tDZ6bDRO2 (192.168.65.1) 438.19ms
[Process 121] Worker pool size: 1
[Process 121] Worker pool size: 1
[Process 121] Worker pool size: 1
[Process 121] Worker pool size: 1
[Process 121] Worker pool size: 1
[Process 121] Worker pool size: 1
[Process 121] Worker pool size: 1
[Process 121] Worker pool size: 1
[Process 121] Worker pool size: 1
[Process 121] Worker pool size: 1
[Process 121] Worker pool size: 0
INFO:mage_ai.orchestration.pipeline_scheduler_original:Active pipeline runs: [2]
/bin/sh: 1: free: not found
INFO:heart_failure_pipeline/1/20241117T000000:{"cpu": 0.19677734375, "cpu_total": 8, "cpu_usage": 0.02459716796875, "memory": null, "memory_total": null, "memory_usage": null, "pipeline_run_id": 2, "pipeline_schedule_id": 1, "pipeline_uuid": "heart_failure_pipeline", "hostname": "0755ae36dac7", "level": "INFO", "message": "Pipeline heart_failure_pipeline for run 2 in schedule 1 is alive.", "timestamp": 1731805365.083306, "uuid": "e2d680d9a5c247928d5a7b41f946e4df"}
Command 'free -t -m' returned non-zero exit status 127.
[ProcessQueue] Enqueue job block_run_9
Command 'free -t -m' returned non-zero exit status 127.
[ProcessQueue] Enqueue job block_run_9
[Process 152] Worker pool size: 0
INFO:heart_failure_pipeline/1/20241117T000000:{"block_run_id": 9, "block_uuid": "train_model", "pipeline_run_id": 2, "pipeline_schedule_id": 1, "pipeline_uuid": "heart_failure_pipeline", "hostname": "0755ae36dac7", "level": "INFO", "message": "Execute PipelineRun 2, BlockRun 9: pipeline heart_failure_pipeline block train_model", "timestamp": 1731805365.248696, "uuid": "d3bac1a991d948beb9532a7e63aead05"}
INFO:heart_failure_pipeline/1/20241117T000000/train_model:{"block_run_id": 9, "block_uuid": "train_model", "pipeline_run_id": 2, "pipeline_schedule_id": 1, "pipeline_uuid": "heart_failure_pipeline", "hostname": "0755ae36dac7", "block_type": "transformer", "level": "INFO", "message": "Start executing block with BlockExecutor.", "timestamp": 1731805365.267353, "uuid": "69170bc89e48496eb4f48fd74b003d7d"}
INFO:heart_failure_pipeline/1/20241117T000000/train_model:{"block_run_id": 9, "block_uuid": "train_model", "pipeline_run_id": 2, "pipeline_schedule_id": 1, "pipeline_uuid": "heart_failure_pipeline", "hostname": "0755ae36dac7", "block_type": "transformer", "level": "INFO", "message": "Datos recibidos para entrenamiento: (918, 12)", "timestamp": 1731805365.47407, "uuid": "51177c2ef17444c5b521a5494c1b86ad"}
INFO:heart_failure_pipeline/1/20241117T000000/train_model:{"block_run_id": 9, "block_uuid": "train_model", "pipeline_run_id": 2, "pipeline_schedule_id": 1, "pipeline_uuid": "heart_failure_pipeline", "hostname": "0755ae36dac7", "block_type": "transformer", "level": "INFO", "message": "Vista previa de los datos:", "timestamp": 1731805365.4747, "uuid": "d756921bc48a4275a317a754bb96505c"}
INFO:heart_failure_pipeline/1/20241117T000000/train_model:{"block_run_id": 9, "block_uuid": "train_model", "pipeline_run_id": 2, "pipeline_schedule_id": 1, "pipeline_uuid": "heart_failure_pipeline", "hostname": "0755ae36dac7", "block_type": "transformer", "level": "INFO", "message": "   Age  Sex  ChestPainType  ...  Oldpeak  ST_Slope  HeartDisease", "timestamp": 1731805365.489274, "uuid": "b60bf30a938647b4bdd70199190aa441"}
INFO:heart_failure_pipeline/1/20241117T000000/train_model:{"block_run_id": 9, "block_uuid": "train_model", "pipeline_run_id": 2, "pipeline_schedule_id": 1, "pipeline_uuid": "heart_failure_pipeline", "hostname": "0755ae36dac7", "block_type": "transformer", "level": "INFO", "message": "0   40    1              0  ...      0.0         0             0", "timestamp": 1731805365.489639, "uuid": "1269a50ea35f49b8a64dbc4199a2d895"}
INFO:heart_failure_pipeline/1/20241117T000000/train_model:{"block_run_id": 9, "block_uuid": "train_model", "pipeline_run_id": 2, "pipeline_schedule_id": 1, "pipeline_uuid": "heart_failure_pipeline", "hostname": "0755ae36dac7", "block_type": "transformer", "level": "INFO", "message": "1   49    0              1  ...      1.0         1             1", "timestamp": 1731805365.489793, "uuid": "4430f2157ab949e2b38aa44d0b8af74b"}
INFO:heart_failure_pipeline/1/20241117T000000/train_model:{"block_run_id": 9, "block_uuid": "train_model", "pipeline_run_id": 2, "pipeline_schedule_id": 1, "pipeline_uuid": "heart_failure_pipeline", "hostname": "0755ae36dac7", "block_type": "transformer", "level": "INFO", "message": "2   37    1              0  ...      0.0         0             0", "timestamp": 1731805365.489906, "uuid": "72861d3504874f3e8e77a56bd5602b55"}
INFO:heart_failure_pipeline/1/20241117T000000/train_model:{"block_run_id": 9, "block_uuid": "train_model", "pipeline_run_id": 2, "pipeline_schedule_id": 1, "pipeline_uuid": "heart_failure_pipeline", "hostname": "0755ae36dac7", "block_type": "transformer", "level": "INFO", "message": "3   48    0              2  ...      1.5         1             1", "timestamp": 1731805365.490018, "uuid": "74008a3543494f088dc002f939311c42"}
INFO:heart_failure_pipeline/1/20241117T000000/train_model:{"block_run_id": 9, "block_uuid": "train_model", "pipeline_run_id": 2, "pipeline_schedule_id": 1, "pipeline_uuid": "heart_failure_pipeline", "hostname": "0755ae36dac7", "block_type": "transformer", "level": "INFO", "message": "4   54    1              1  ...      0.0         0             0", "timestamp": 1731805365.490111, "uuid": "d7c8f4a5be2b4570802782123cab3118"}
INFO:heart_failure_pipeline/1/20241117T000000/train_model:{"block_run_id": 9, "block_uuid": "train_model", "pipeline_run_id": 2, "pipeline_schedule_id": 1, "pipeline_uuid": "heart_failure_pipeline", "hostname": "0755ae36dac7", "block_type": "transformer", "level": "INFO", "message": "5   39    1              1  ...      0.0         0             0", "timestamp": 1731805365.490244, "uuid": "0fc6198173bf4157a81bf87bb335fe08"}
INFO:heart_failure_pipeline/1/20241117T000000/train_model:{"block_run_id": 9, "block_uuid": "train_model", "pipeline_run_id": 2, "pipeline_schedule_id": 1, "pipeline_uuid": "heart_failure_pipeline", "hostname": "0755ae36dac7", "block_type": "transformer", "level": "INFO", "message": "6   45    0              0  ...      0.0         0             0", "timestamp": 1731805365.490346, "uuid": "b4d03f0b116b49ed92e558264454cc7e"}
INFO:heart_failure_pipeline/1/20241117T000000/train_model:{"block_run_id": 9, "block_uuid": "train_model", "pipeline_run_id": 2, "pipeline_schedule_id": 1, "pipeline_uuid": "heart_failure_pipeline", "hostname": "0755ae36dac7", "block_type": "transformer", "level": "INFO", "message": "7   54    1              0  ...      0.0         0             0", "timestamp": 1731805365.490457, "uuid": "5e8e6dda754243f791076e290d777019"}
INFO:heart_failure_pipeline/1/20241117T000000/train_model:{"block_run_id": 9, "block_uuid": "train_model", "pipeline_run_id": 2, "pipeline_schedule_id": 1, "pipeline_uuid": "heart_failure_pipeline", "hostname": "0755ae36dac7", "block_type": "transformer", "level": "INFO", "message": "8   37    1              2  ...      1.5         1             1", "timestamp": 1731805365.49054, "uuid": "ff44a51bf6154b8aad39a0eccaf512b0"}
INFO:heart_failure_pipeline/1/20241117T000000/train_model:{"block_run_id": 9, "block_uuid": "train_model", "pipeline_run_id": 2, "pipeline_schedule_id": 1, "pipeline_uuid": "heart_failure_pipeline", "hostname": "0755ae36dac7", "block_type": "transformer", "level": "INFO", "message": "9   48    0              0  ...      0.0         0             0", "timestamp": 1731805365.490663, "uuid": "918611bd107947308363f5fbcd7de81d"}
INFO:heart_failure_pipeline/1/20241117T000000/train_model:{"block_run_id": 9, "block_uuid": "train_model", "pipeline_run_id": 2, "pipeline_schedule_id": 1, "pipeline_uuid": "heart_failure_pipeline", "hostname": "0755ae36dac7", "block_type": "transformer", "level": "INFO", "message": "", "timestamp": 1731805365.490775, "uuid": "134d8d4cd59e4f1c88940e1f3e1c5308"}
INFO:heart_failure_pipeline/1/20241117T000000/train_model:{"block_run_id": 9, "block_uuid": "train_model", "pipeline_run_id": 2, "pipeline_schedule_id": 1, "pipeline_uuid": "heart_failure_pipeline", "hostname": "0755ae36dac7", "block_type": "transformer", "level": "INFO", "message": "[10 rows x 12 columns]", "timestamp": 1731805365.49086, "uuid": "7828c33f2ef04509bc00c6907a09c2cf"}
INFO:heart_failure_pipeline/1/20241117T000000/train_model:{"block_run_id": 9, "block_uuid": "train_model", "pipeline_run_id": 2, "pipeline_schedule_id": 1, "pipeline_uuid": "heart_failure_pipeline", "hostname": "0755ae36dac7", "block_type": "transformer", "level": "INFO", "message": "Entrenando el modelo Random Forest...", "timestamp": 1731805365.494343, "uuid": "c135fe652e1d42b6b2bd83ae91ffa550"}
INFO:heart_failure_pipeline/1/20241117T000000/train_model:{"block_run_id": 9, "block_uuid": "train_model", "pipeline_run_id": 2, "pipeline_schedule_id": 1, "pipeline_uuid": "heart_failure_pipeline", "hostname": "0755ae36dac7", "block_type": "transformer", "level": "INFO", "message": "Evaluando el modelo...", "timestamp": 1731805365.65248, "uuid": "088424f0b75f44be9671854e4e1a592b"}
INFO:heart_failure_pipeline/1/20241117T000000/train_model:{"block_run_id": 9, "block_uuid": "train_model", "pipeline_run_id": 2, "pipeline_schedule_id": 1, "pipeline_uuid": "heart_failure_pipeline", "hostname": "0755ae36dac7", "block_type": "transformer", "level": "INFO", "message": "Precisi\u00f3n del modelo: 0.88", "timestamp": 1731805365.662914, "uuid": "036c226771154a8085c2567f16c189a7"}
INFO:heart_failure_pipeline/1/20241117T000000/train_model:{"block_run_id": 9, "block_uuid": "train_model", "pipeline_run_id": 2, "pipeline_schedule_id": 1, "pipeline_uuid": "heart_failure_pipeline", "hostname": "0755ae36dac7", "block_type": "transformer", "level": "INFO", "message": "Guardando el modelo en models/trained_model.joblib...", "timestamp": 1731805365.664477, "uuid": "dd59d0ccf75a43d6b8b3cb7abba39781"}
INFO:heart_failure_pipeline/1/20241117T000000/train_model:{"block_run_id": 9, "block_uuid": "train_model", "pipeline_run_id": 2, "pipeline_schedule_id": 1, "pipeline_uuid": "heart_failure_pipeline", "hostname": "0755ae36dac7", "block_type": "transformer", "level": "INFO", "message": "Entrenamiento completado con \u00e9xito. Modelo guardado.", "timestamp": 1731805365.820136, "uuid": "c6152f564dd34206a4c8c4711a233f5b"}
INFO:heart_failure_pipeline/1/20241117T000000/train_model:{"block_run_id": 9, "block_uuid": "train_model", "pipeline_run_id": 2, "pipeline_schedule_id": 1, "pipeline_uuid": "heart_failure_pipeline", "hostname": "0755ae36dac7", "block_type": "transformer", "level": "INFO", "message": "Datos de prueba guardados en data/test_data.csv.", "timestamp": 1731805365.837755, "uuid": "8d4d594861434187969658fe1dadd2c9"}
INFO:heart_failure_pipeline/1/20241117T000000/train_model:{"block_run_id": 9, "block_uuid": "train_model", "pipeline_run_id": 2, "pipeline_schedule_id": 1, "pipeline_uuid": "heart_failure_pipeline", "hostname": "0755ae36dac7", "block_type": "transformer", "level": "INFO", "message": "Prueba pasada: El modelo y los datos de prueba se guardaron correctamente.", "timestamp": 1731805365.889449, "uuid": "fd5d86a87c104d37beb189d9b7d5fba1"}
INFO:heart_failure_pipeline/1/20241117T000000/train_model:{"block_run_id": 9, "block_uuid": "train_model", "pipeline_run_id": 2, "pipeline_schedule_id": 1, "pipeline_uuid": "heart_failure_pipeline", "hostname": "0755ae36dac7", "block_type": "transformer", "level": "INFO", "message": "--------------------------------------------------------------", "timestamp": 1731805365.889934, "uuid": "843b13eafb094e22bb826084718fe967"}
INFO:heart_failure_pipeline/1/20241117T000000/train_model:{"block_run_id": 9, "block_uuid": "train_model", "pipeline_run_id": 2, "pipeline_schedule_id": 1, "pipeline_uuid": "heart_failure_pipeline", "hostname": "0755ae36dac7", "block_type": "transformer", "level": "INFO", "message": "1/1 tests passed.", "timestamp": 1731805365.890444, "uuid": "51dbc50635cc47d987d1dd4e9ec22d57"}
INFO:heart_failure_pipeline/1/20241117T000000/train_model:{"block_run_id": 9, "block_uuid": "train_model", "pipeline_run_id": 2, "pipeline_schedule_id": 1, "pipeline_uuid": "heart_failure_pipeline", "hostname": "0755ae36dac7", "block_type": "transformer", "level": "INFO", "message": "Finish executing block with BlockExecutor.", "timestamp": 1731805365.891067, "uuid": "c2c41869ba3341c98632fbc2ee93a925"}
INFO:heart_failure_pipeline/1/20241117T000000:{"block_run_id": 9, "block_uuid": "train_model", "pipeline_run_id": 2, "pipeline_schedule_id": 1, "pipeline_uuid": "heart_failure_pipeline", "hostname": "0755ae36dac7", "level": "INFO", "message": "BlockRun 9 (block_uuid: train_model) completes.", "timestamp": 1731805365.929729, "uuid": "937e08aa879442c88b120717e41ab937"}
Run worker for job block_run_9
[Process 152] Worker pool size: 0
INFO:mage_ai.server.scheduler_manager:Scheduler status: running.
INFO:mage_ai.orchestration.pipeline_scheduler_original:Active pipeline runs: [2]
/bin/sh: 1: free: not found
INFO:heart_failure_pipeline/1/20241117T000000:{"cpu": 0.21630859375, "cpu_total": 8, "cpu_usage": 0.02703857421875, "memory": null, "memory_total": null, "memory_usage": null, "pipeline_run_id": 2, "pipeline_schedule_id": 1, "pipeline_uuid": "heart_failure_pipeline", "hostname": "0755ae36dac7", "level": "INFO", "message": "Pipeline heart_failure_pipeline for run 2 in schedule 1 is alive.", "timestamp": 1731805375.403664, "uuid": "e4566a09c0c34291a61529be10c1b060"}
Command 'free -t -m' returned non-zero exit status 127.
[ProcessQueue] Enqueue job block_run_10
[Process 178] Worker pool size: 0
INFO:heart_failure_pipeline/1/20241117T000000:{"block_run_id": 10, "block_uuid": "predict_model", "pipeline_run_id": 2, "pipeline_schedule_id": 1, "pipeline_uuid": "heart_failure_pipeline", "hostname": "0755ae36dac7", "level": "INFO", "message": "Execute PipelineRun 2, BlockRun 10: pipeline heart_failure_pipeline block predict_model", "timestamp": 1731805375.528852, "uuid": "422d497ba5df4396adbe916e6f2a0aa1"}
INFO:heart_failure_pipeline/1/20241117T000000/predict_model:{"block_run_id": 10, "block_uuid": "predict_model", "pipeline_run_id": 2, "pipeline_schedule_id": 1, "pipeline_uuid": "heart_failure_pipeline", "hostname": "0755ae36dac7", "block_type": "transformer", "level": "INFO", "message": "Start executing block with BlockExecutor.", "timestamp": 1731805375.541609, "uuid": "6532a62d3e354707877699be347bac97"}
INFO:heart_failure_pipeline/1/20241117T000000/predict_model:{"block_run_id": 10, "block_uuid": "predict_model", "pipeline_run_id": 2, "pipeline_schedule_id": 1, "pipeline_uuid": "heart_failure_pipeline", "hostname": "0755ae36dac7", "block_type": "transformer", "level": "INFO", "message": "Cargando los datos de prueba...", "timestamp": 1731805375.566359, "uuid": "0daa21416cc14a82b9c4b83ca05d242e"}
INFO:heart_failure_pipeline/1/20241117T000000/predict_model:{"block_run_id": 10, "block_uuid": "predict_model", "pipeline_run_id": 2, "pipeline_schedule_id": 1, "pipeline_uuid": "heart_failure_pipeline", "hostname": "0755ae36dac7", "block_type": "transformer", "level": "INFO", "message": "Cargando el modelo entrenado...", "timestamp": 1731805375.589318, "uuid": "668b6188730641da8c6b59c7c4d48ac0"}
INFO:heart_failure_pipeline/1/20241117T000000/predict_model:{"block_run_id": 10, "block_uuid": "predict_model", "pipeline_run_id": 2, "pipeline_schedule_id": 1, "pipeline_uuid": "heart_failure_pipeline", "hostname": "0755ae36dac7", "block_type": "transformer", "level": "INFO", "message": "Generando predicciones...", "timestamp": 1731805375.689617, "uuid": "ae719f472c514159885ec40906840cdd"}
INFO:heart_failure_pipeline/1/20241117T000000/predict_model:{"block_run_id": 10, "block_uuid": "predict_model", "pipeline_run_id": 2, "pipeline_schedule_id": 1, "pipeline_uuid": "heart_failure_pipeline", "hostname": "0755ae36dac7", "block_type": "transformer", "level": "INFO", "message": "Vista previa de predicciones:", "timestamp": 1731805375.696018, "uuid": "b3a1053c950a414d8949269ed9249736"}
INFO:heart_failure_pipeline/1/20241117T000000/predict_model:{"block_run_id": 10, "block_uuid": "predict_model", "pipeline_run_id": 2, "pipeline_schedule_id": 1, "pipeline_uuid": "heart_failure_pipeline", "hostname": "0755ae36dac7", "block_type": "transformer", "level": "INFO", "message": "   Age  Sex  ChestPainType  ...  ST_Slope  HeartDisease  Predictions", "timestamp": 1731805375.705808, "uuid": "edb83a25e42c4d06bc93806a89c8a804"}
INFO:heart_failure_pipeline/1/20241117T000000/predict_model:{"block_run_id": 10, "block_uuid": "predict_model", "pipeline_run_id": 2, "pipeline_schedule_id": 1, "pipeline_uuid": "heart_failure_pipeline", "hostname": "0755ae36dac7", "block_type": "transformer", "level": "INFO", "message": "0   46    1              2  ...         1             1            1", "timestamp": 1731805375.706138, "uuid": "191760d3f5354f36b8e1384bad782176"}
INFO:heart_failure_pipeline/1/20241117T000000/predict_model:{"block_run_id": 10, "block_uuid": "predict_model", "pipeline_run_id": 2, "pipeline_schedule_id": 1, "pipeline_uuid": "heart_failure_pipeline", "hostname": "0755ae36dac7", "block_type": "transformer", "level": "INFO", "message": "1   58    1              1  ...         0             1            0", "timestamp": 1731805375.70632, "uuid": "3a94707ac9f84835ac8228d6d763ffd8"}
INFO:heart_failure_pipeline/1/20241117T000000/predict_model:{"block_run_id": 10, "block_uuid": "predict_model", "pipeline_run_id": 2, "pipeline_schedule_id": 1, "pipeline_uuid": "heart_failure_pipeline", "hostname": "0755ae36dac7", "block_type": "transformer", "level": "INFO", "message": "2   60    1              2  ...         1             1            1", "timestamp": 1731805375.706507, "uuid": "201bca67b4f740ebabcb1cf92e1c5fae"}
INFO:heart_failure_pipeline/1/20241117T000000/predict_model:{"block_run_id": 10, "block_uuid": "predict_model", "pipeline_run_id": 2, "pipeline_schedule_id": 1, "pipeline_uuid": "heart_failure_pipeline", "hostname": "0755ae36dac7", "block_type": "transformer", "level": "INFO", "message": "3   49    1              1  ...         1             1            1", "timestamp": 1731805375.70669, "uuid": "ad79dde8b91b48398b04cbdbe0e72815"}
INFO:heart_failure_pipeline/1/20241117T000000/predict_model:{"block_run_id": 10, "block_uuid": "predict_model", "pipeline_run_id": 2, "pipeline_schedule_id": 1, "pipeline_uuid": "heart_failure_pipeline", "hostname": "0755ae36dac7", "block_type": "transformer", "level": "INFO", "message": "4   39    0              1  ...         1             0            0", "timestamp": 1731805375.706806, "uuid": "5e8be30107fc4af1891642e2b5348eb0"}
INFO:heart_failure_pipeline/1/20241117T000000/predict_model:{"block_run_id": 10, "block_uuid": "predict_model", "pipeline_run_id": 2, "pipeline_schedule_id": 1, "pipeline_uuid": "heart_failure_pipeline", "hostname": "0755ae36dac7", "block_type": "transformer", "level": "INFO", "message": "5   42    1              1  ...         2             0            0", "timestamp": 1731805375.706946, "uuid": "405a005a2e1c40a99c127ceba8db871c"}
INFO:heart_failure_pipeline/1/20241117T000000/predict_model:{"block_run_id": 10, "block_uuid": "predict_model", "pipeline_run_id": 2, "pipeline_schedule_id": 1, "pipeline_uuid": "heart_failure_pipeline", "hostname": "0755ae36dac7", "block_type": "transformer", "level": "INFO", "message": "6   54    0              0  ...         0             0            0", "timestamp": 1731805375.707052, "uuid": "a8e9ce98d13e40c0accf21a129840747"}
INFO:heart_failure_pipeline/1/20241117T000000/predict_model:{"block_run_id": 10, "block_uuid": "predict_model", "pipeline_run_id": 2, "pipeline_schedule_id": 1, "pipeline_uuid": "heart_failure_pipeline", "hostname": "0755ae36dac7", "block_type": "transformer", "level": "INFO", "message": "7   38    0              2  ...         1             1            1", "timestamp": 1731805375.707149, "uuid": "26697683d7c2446081fb48e732c081ab"}
INFO:heart_failure_pipeline/1/20241117T000000/predict_model:{"block_run_id": 10, "block_uuid": "predict_model", "pipeline_run_id": 2, "pipeline_schedule_id": 1, "pipeline_uuid": "heart_failure_pipeline", "hostname": "0755ae36dac7", "block_type": "transformer", "level": "INFO", "message": "8   51    0              1  ...         0             0            0", "timestamp": 1731805375.707234, "uuid": "b14d9aaea75246d987fe9eabe6152909"}
INFO:heart_failure_pipeline/1/20241117T000000/predict_model:{"block_run_id": 10, "block_uuid": "predict_model", "pipeline_run_id": 2, "pipeline_schedule_id": 1, "pipeline_uuid": "heart_failure_pipeline", "hostname": "0755ae36dac7", "block_type": "transformer", "level": "INFO", "message": "9   58    1              2  ...         1             1            1", "timestamp": 1731805375.707323, "uuid": "d9e9294487b84d8aaeb91599a1b657ec"}
INFO:heart_failure_pipeline/1/20241117T000000/predict_model:{"block_run_id": 10, "block_uuid": "predict_model", "pipeline_run_id": 2, "pipeline_schedule_id": 1, "pipeline_uuid": "heart_failure_pipeline", "hostname": "0755ae36dac7", "block_type": "transformer", "level": "INFO", "message": "", "timestamp": 1731805375.707416, "uuid": "6faee057d7dd446eb18b9c5d82570d8f"}
INFO:heart_failure_pipeline/1/20241117T000000/predict_model:{"block_run_id": 10, "block_uuid": "predict_model", "pipeline_run_id": 2, "pipeline_schedule_id": 1, "pipeline_uuid": "heart_failure_pipeline", "hostname": "0755ae36dac7", "block_type": "transformer", "level": "INFO", "message": "[10 rows x 13 columns]", "timestamp": 1731805375.707501, "uuid": "64a8b6cd39df4534a6bc1fe92f698e9b"}
INFO:heart_failure_pipeline/1/20241117T000000/predict_model:{"block_run_id": 10, "block_uuid": "predict_model", "pipeline_run_id": 2, "pipeline_schedule_id": 1, "pipeline_uuid": "heart_failure_pipeline", "hostname": "0755ae36dac7", "block_type": "transformer", "level": "INFO", "message": "Guardando predicciones en data/predictions.csv...", "timestamp": 1731805375.707704, "uuid": "592f2157bea54fa8a502cf2f409c517e"}
INFO:heart_failure_pipeline/1/20241117T000000/predict_model:{"block_run_id": 10, "block_uuid": "predict_model", "pipeline_run_id": 2, "pipeline_schedule_id": 1, "pipeline_uuid": "heart_failure_pipeline", "hostname": "0755ae36dac7", "block_type": "transformer", "level": "INFO", "message": "Predicciones generadas y guardadas con \u00e9xito.", "timestamp": 1731805375.710238, "uuid": "8d442f96aad0488d84567fd0f7cc3b71"}
INFO:heart_failure_pipeline/1/20241117T000000/predict_model:{"block_run_id": 10, "block_uuid": "predict_model", "pipeline_run_id": 2, "pipeline_schedule_id": 1, "pipeline_uuid": "heart_failure_pipeline", "hostname": "0755ae36dac7", "block_type": "transformer", "level": "INFO", "message": "Prueba pasada: El archivo de predicciones se gener\u00f3 correctamente y contiene las columnas necesarias.", "timestamp": 1731805375.714299, "uuid": "b04b8c4d20cf450e8c4b1be3631045d4"}
INFO:heart_failure_pipeline/1/20241117T000000/predict_model:{"block_run_id": 10, "block_uuid": "predict_model", "pipeline_run_id": 2, "pipeline_schedule_id": 1, "pipeline_uuid": "heart_failure_pipeline", "hostname": "0755ae36dac7", "block_type": "transformer", "level": "INFO", "message": "--------------------------------------------------------------", "timestamp": 1731805375.714507, "uuid": "28a68eecac00490e8b572361832c0203"}
INFO:heart_failure_pipeline/1/20241117T000000/predict_model:{"block_run_id": 10, "block_uuid": "predict_model", "pipeline_run_id": 2, "pipeline_schedule_id": 1, "pipeline_uuid": "heart_failure_pipeline", "hostname": "0755ae36dac7", "block_type": "transformer", "level": "INFO", "message": "1/1 tests passed.", "timestamp": 1731805375.714638, "uuid": "f0f52e1d773a41f5b954ede9c8a6c846"}
INFO:heart_failure_pipeline/1/20241117T000000/predict_model:{"block_run_id": 10, "block_uuid": "predict_model", "pipeline_run_id": 2, "pipeline_schedule_id": 1, "pipeline_uuid": "heart_failure_pipeline", "hostname": "0755ae36dac7", "block_type": "transformer", "level": "INFO", "message": "Finish executing block with BlockExecutor.", "timestamp": 1731805375.714801, "uuid": "45183ecf7bf2450ebd24dc588d07779e"}
INFO:heart_failure_pipeline/1/20241117T000000:{"block_run_id": 10, "block_uuid": "predict_model", "pipeline_run_id": 2, "pipeline_schedule_id": 1, "pipeline_uuid": "heart_failure_pipeline", "hostname": "0755ae36dac7", "level": "INFO", "message": "BlockRun 10 (block_uuid: predict_model) completes.", "timestamp": 1731805375.721621, "uuid": "19c166ccb9c94d65b43e916ab6d63426"}
Run worker for job block_run_10
[Process 178] Worker pool size: 0
INFO:mage_ai.orchestration.pipeline_scheduler_original:Active pipeline runs: [2]
/bin/sh: 1: free: not found
INFO:heart_failure_pipeline/1/20241117T000000:{"cpu": 0.23046875, "cpu_total": 8, "cpu_usage": 0.02880859375, "memory": null, "memory_total": null, "memory_usage": null, "pipeline_run_id": 2, "pipeline_schedule_id": 1, "pipeline_uuid": "heart_failure_pipeline", "hostname": "0755ae36dac7", "level": "INFO", "message": "Pipeline heart_failure_pipeline for run 2 in schedule 1 is alive.", "timestamp": 1731805385.540411, "uuid": "9a68c49d0233441fbcbb146ad537e586"}
Command 'free -t -m' returned non-zero exit status 127.
[ProcessQueue] Enqueue job block_run_11
[Process 195] Worker pool size: 0
INFO:heart_failure_pipeline/1/20241117T000000:{"block_run_id": 11, "block_uuid": "etl_logs", "pipeline_run_id": 2, "pipeline_schedule_id": 1, "pipeline_uuid": "heart_failure_pipeline", "hostname": "0755ae36dac7", "level": "INFO", "message": "Execute PipelineRun 2, BlockRun 11: pipeline heart_failure_pipeline block etl_logs", "timestamp": 1731805385.635378, "uuid": "ffccffc880a4466192f82db9529a6c0d"}
INFO:heart_failure_pipeline/1/20241117T000000/etl_logs:{"block_run_id": 11, "block_uuid": "etl_logs", "pipeline_run_id": 2, "pipeline_schedule_id": 1, "pipeline_uuid": "heart_failure_pipeline", "hostname": "0755ae36dac7", "block_type": "transformer", "level": "INFO", "message": "Start executing block with BlockExecutor.", "timestamp": 1731805385.640589, "uuid": "661a6fad671c43869c2cc9a2c74a319a"}
INFO:heart_failure_pipeline/1/20241117T000000/etl_logs:{"block_run_id": 11, "block_uuid": "etl_logs", "pipeline_run_id": 2, "pipeline_schedule_id": 1, "pipeline_uuid": "heart_failure_pipeline", "hostname": "0755ae36dac7", "block_type": "transformer", "level": "INFO", "message": "Conectando a la base de datos en heartDB:5432...", "timestamp": 1731805385.697477, "uuid": "cc6812818ce2440583ad19a13be72fa2"}
INFO:heart_failure_pipeline/1/20241117T000000/etl_logs:{"block_run_id": 11, "block_uuid": "etl_logs", "pipeline_run_id": 2, "pipeline_schedule_id": 1, "pipeline_uuid": "heart_failure_pipeline", "hostname": "0755ae36dac7", "block_type": "transformer", "level": "INFO", "message": "Logs de predicci\u00f3n insertados en la base de datos con \u00e9xito.", "timestamp": 1731805385.743326, "uuid": "927f4740483c4007bf891bcce5f01544"}
INFO:heart_failure_pipeline/1/20241117T000000/etl_logs:{"block_run_id": 11, "block_uuid": "etl_logs", "pipeline_run_id": 2, "pipeline_schedule_id": 1, "pipeline_uuid": "heart_failure_pipeline", "hostname": "0755ae36dac7", "block_type": "transformer", "level": "INFO", "message": "Prueba pasada: Se encontraron 27 registros en la tabla prediction_logs.", "timestamp": 1731805385.763368, "uuid": "543fade8e2b947c4825eb2a3d61e5c36"}
INFO:heart_failure_pipeline/1/20241117T000000/etl_logs:{"block_run_id": 11, "block_uuid": "etl_logs", "pipeline_run_id": 2, "pipeline_schedule_id": 1, "pipeline_uuid": "heart_failure_pipeline", "hostname": "0755ae36dac7", "block_type": "transformer", "level": "INFO", "message": "--------------------------------------------------------------", "timestamp": 1731805385.764833, "uuid": "3a4620cbe16a4b79b33bb5e3e0b6bb0f"}
INFO:heart_failure_pipeline/1/20241117T000000/etl_logs:{"block_run_id": 11, "block_uuid": "etl_logs", "pipeline_run_id": 2, "pipeline_schedule_id": 1, "pipeline_uuid": "heart_failure_pipeline", "hostname": "0755ae36dac7", "block_type": "transformer", "level": "INFO", "message": "1/1 tests passed.", "timestamp": 1731805385.766005, "uuid": "cd479d8362c848839c23cfd1ffa2b740"}
INFO:heart_failure_pipeline/1/20241117T000000/etl_logs:{"block_run_id": 11, "block_uuid": "etl_logs", "pipeline_run_id": 2, "pipeline_schedule_id": 1, "pipeline_uuid": "heart_failure_pipeline", "hostname": "0755ae36dac7", "block_type": "transformer", "level": "INFO", "message": "Finish executing block with BlockExecutor.", "timestamp": 1731805385.767566, "uuid": "ef436fb8aca548198e969632ccb8dcae"}
INFO:heart_failure_pipeline/1/20241117T000000:{"block_run_id": 11, "block_uuid": "etl_logs", "pipeline_run_id": 2, "pipeline_schedule_id": 1, "pipeline_uuid": "heart_failure_pipeline", "hostname": "0755ae36dac7", "level": "INFO", "message": "BlockRun 11 (block_uuid: etl_logs) completes.", "timestamp": 1731805385.774243, "uuid": "933b9740e69e4279b9434215209a0fb1"}
Run worker for job block_run_11
[Process 195] Worker pool size: 0
INFO:mage_ai.server.scheduler_manager:Scheduler status: running.
INFO:mage_ai.orchestration.pipeline_scheduler_original:Active pipeline runs: [2]
/bin/sh: 1: free: not found
INFO:heart_failure_pipeline/1/20241117T000000:{"cpu": 0.23876953125, "cpu_total": 8, "cpu_usage": 0.02984619140625, "memory": null, "memory_total": null, "memory_usage": null, "pipeline_run_id": 2, "pipeline_schedule_id": 1, "pipeline_uuid": "heart_failure_pipeline", "hostname": "0755ae36dac7", "level": "INFO", "message": "Pipeline heart_failure_pipeline for run 2 in schedule 1 is alive.", "timestamp": 1731805395.677613, "uuid": "36b3562893104f92b75ddb7addfd8d5b"}
Command 'free -t -m' returned non-zero exit status 127.
[ProcessQueue] Enqueue job block_run_12
[Process 212] Worker pool size: 0
INFO:heart_failure_pipeline/1/20241117T000000:{"block_run_id": 12, "block_uuid": "etl_evaluations", "pipeline_run_id": 2, "pipeline_schedule_id": 1, "pipeline_uuid": "heart_failure_pipeline", "hostname": "0755ae36dac7", "level": "INFO", "message": "Execute PipelineRun 2, BlockRun 12: pipeline heart_failure_pipeline block etl_evaluations", "timestamp": 1731805395.763552, "uuid": "f9f04a2db37c4b08a08c878da93317db"}
INFO:heart_failure_pipeline/1/20241117T000000/etl_evaluations:{"block_run_id": 12, "block_uuid": "etl_evaluations", "pipeline_run_id": 2, "pipeline_schedule_id": 1, "pipeline_uuid": "heart_failure_pipeline", "hostname": "0755ae36dac7", "block_type": "transformer", "level": "INFO", "message": "Start executing block with BlockExecutor.", "timestamp": 1731805395.767836, "uuid": "a9ab38fe79d447e595814b5b543b323f"}
INFO:heart_failure_pipeline/1/20241117T000000/etl_evaluations:{"block_run_id": 12, "block_uuid": "etl_evaluations", "pipeline_run_id": 2, "pipeline_schedule_id": 1, "pipeline_uuid": "heart_failure_pipeline", "hostname": "0755ae36dac7", "block_type": "transformer", "level": "INFO", "message": "Conectando a la base de datos en heartDB:5432...", "timestamp": 1731805395.80419, "uuid": "e0e6c3ff536448438454bff973102866"}
INFO:heart_failure_pipeline/1/20241117T000000/etl_evaluations:{"block_run_id": 12, "block_uuid": "etl_evaluations", "pipeline_run_id": 2, "pipeline_schedule_id": 1, "pipeline_uuid": "heart_failure_pipeline", "hostname": "0755ae36dac7", "block_type": "transformer", "level": "INFO", "message": "Se encontraron 27 registros en `prediction_logs`.", "timestamp": 1731805395.820361, "uuid": "8380ac512f544e01b69f49ec8f67ea67"}
INFO:heart_failure_pipeline/1/20241117T000000/etl_evaluations:{"block_run_id": 12, "block_uuid": "etl_evaluations", "pipeline_run_id": 2, "pipeline_schedule_id": 1, "pipeline_uuid": "heart_failure_pipeline", "hostname": "0755ae36dac7", "block_type": "transformer", "level": "INFO", "message": "Advertencia: 'HeartDisease' no est\u00e1 presente en el registro: {'Age': 40, 'Sex': 1, 'MaxHR': 160, 'Oldpeak': 1.0, 'ST_Slope': 1, 'FastingBS': 0, 'RestingBP': 120, 'RestingECG': 0, 'Cholesterol': 200, 'ChestPainType': 0, 'ExerciseAngina': 0}", "timestamp": 1731805395.820765, "uuid": "16aee783b9984bf1807e8f75cb2b7615"}
INFO:heart_failure_pipeline/1/20241117T000000/etl_evaluations:{"block_run_id": 12, "block_uuid": "etl_evaluations", "pipeline_run_id": 2, "pipeline_schedule_id": 1, "pipeline_uuid": "heart_failure_pipeline", "hostname": "0755ae36dac7", "block_type": "transformer", "level": "INFO", "message": "Advertencia: 'HeartDisease' no est\u00e1 presente en el registro: {'Age': 40, 'Sex': 1, 'MaxHR': 160, 'Oldpeak': 1.0, 'ST_Slope': 1, 'FastingBS': 0, 'RestingBP': 120, 'RestingECG': 0, 'Cholesterol': 200, 'ChestPainType': 0, 'ExerciseAngina': 0}", "timestamp": 1731805395.821006, "uuid": "3084020d87a440c1b9a99a140727828c"}
INFO:heart_failure_pipeline/1/20241117T000000/etl_evaluations:{"block_run_id": 12, "block_uuid": "etl_evaluations", "pipeline_run_id": 2, "pipeline_schedule_id": 1, "pipeline_uuid": "heart_failure_pipeline", "hostname": "0755ae36dac7", "block_type": "transformer", "level": "INFO", "message": "M\u00e9tricas calculadas: {'auc': 0.48701298701298695, 'precision': 0.5454545454545454, 'recall': 0.42857142857142855, 'accuracy': 0.48}", "timestamp": 1731805395.83369, "uuid": "91f23e8b45ec4958bf21dd3e04bd457e"}
INFO:heart_failure_pipeline/1/20241117T000000/etl_evaluations:{"block_run_id": 12, "block_uuid": "etl_evaluations", "pipeline_run_id": 2, "pipeline_schedule_id": 1, "pipeline_uuid": "heart_failure_pipeline", "hostname": "0755ae36dac7", "block_type": "transformer", "level": "INFO", "message": "M\u00e9tricas insertadas en la tabla `evaluations` con \u00e9xito.", "timestamp": 1731805395.839094, "uuid": "3499c32642a247dd8298ee04066bfc58"}
INFO:heart_failure_pipeline/1/20241117T000000/etl_evaluations:{"block_run_id": 12, "block_uuid": "etl_evaluations", "pipeline_run_id": 2, "pipeline_schedule_id": 1, "pipeline_uuid": "heart_failure_pipeline", "hostname": "0755ae36dac7", "block_type": "transformer", "level": "INFO", "message": "Prueba pasada: Se encontraron 6 registros en la tabla `evaluations`.", "timestamp": 1731805395.848136, "uuid": "c49e463e8c0c4177ba4370cccbde1a82"}
INFO:heart_failure_pipeline/1/20241117T000000/etl_evaluations:{"block_run_id": 12, "block_uuid": "etl_evaluations", "pipeline_run_id": 2, "pipeline_schedule_id": 1, "pipeline_uuid": "heart_failure_pipeline", "hostname": "0755ae36dac7", "block_type": "transformer", "level": "INFO", "message": "--------------------------------------------------------------", "timestamp": 1731805395.848721, "uuid": "8cf7f6af84864a8393e27fc2b5a2e37a"}
INFO:heart_failure_pipeline/1/20241117T000000/etl_evaluations:{"block_run_id": 12, "block_uuid": "etl_evaluations", "pipeline_run_id": 2, "pipeline_schedule_id": 1, "pipeline_uuid": "heart_failure_pipeline", "hostname": "0755ae36dac7", "block_type": "transformer", "level": "INFO", "message": "1/1 tests passed.", "timestamp": 1731805395.849181, "uuid": "ac1844a060d2462b8084afd16ddd534b"}
INFO:heart_failure_pipeline/1/20241117T000000/etl_evaluations:{"block_run_id": 12, "block_uuid": "etl_evaluations", "pipeline_run_id": 2, "pipeline_schedule_id": 1, "pipeline_uuid": "heart_failure_pipeline", "hostname": "0755ae36dac7", "block_type": "transformer", "level": "INFO", "message": "Finish executing block with BlockExecutor.", "timestamp": 1731805395.849723, "uuid": "f6aacd0897a64e3faaeb13c61e3664c1"}
INFO:heart_failure_pipeline/1/20241117T000000:{"block_run_id": 12, "block_uuid": "etl_evaluations", "pipeline_run_id": 2, "pipeline_schedule_id": 1, "pipeline_uuid": "heart_failure_pipeline", "hostname": "0755ae36dac7", "level": "INFO", "message": "BlockRun 12 (block_uuid: etl_evaluations) completes.", "timestamp": 1731805395.857369, "uuid": "4ca8be53803c4a7e811968870f1f9cde"}
Run worker for job block_run_12
[Process 212] Worker pool size: 0
INFO:mage_ai.orchestration.pipeline_scheduler_original:Active pipeline runs: [2]
/bin/sh: 1: free: not found
INFO:heart_failure_pipeline/1/20241117T000000:{"cpu": 0.2529296875, "cpu_total": 8, "cpu_usage": 0.0316162109375, "memory": null, "memory_total": null, "memory_usage": null, "pipeline_run_id": 2, "pipeline_schedule_id": 1, "pipeline_uuid": "heart_failure_pipeline", "hostname": "0755ae36dac7", "level": "INFO", "message": "Pipeline heart_failure_pipeline for run 2 in schedule 1 is alive.", "timestamp": 1731805405.816061, "uuid": "fe0a81aad4c24a20aece0aaf9ad22042"}
INFO:mage_ai.server.scheduler_manager:Scheduler status: running.
INFO:mage_ai.orchestration.pipeline_scheduler_original:Active pipeline runs: []
INFO:mage_ai.orchestration.pipeline_scheduler_original:Active pipeline runs: []
INFO:mage_ai.server.scheduler_manager:Scheduler status: running.
INFO:mage_ai.orchestration.pipeline_scheduler_original:Active pipeline runs: []
INFO:mage_ai.orchestration.pipeline_scheduler_original:Active pipeline runs: []
INFO:mage_ai.server.scheduler_manager:Scheduler status: running.
INFO:mage_ai.orchestration.pipeline_scheduler_original:Active pipeline runs: []
INFO:mage_ai.orchestration.pipeline_scheduler_original:Active pipeline runs: []
INFO:mage_ai.server.scheduler_manager:Scheduler status: running.
INFO:mage_ai.orchestration.pipeline_scheduler_original:Active pipeline runs: []
INFO:mage_ai.orchestration.pipeline_scheduler_original:Active pipeline runs: []
INFO:mage_ai.server.scheduler_manager:Scheduler status: running.
INFO:mage_ai.orchestration.pipeline_scheduler_original:Active pipeline runs: []
INFO:mage_ai.orchestration.pipeline_scheduler_original:Active pipeline runs: []
INFO:mage_ai.server.scheduler_manager:Scheduler status: running.
INFO:mage_ai.orchestration.pipeline_scheduler_original:Active pipeline runs: []
INFO:mage_ai.orchestration.pipeline_scheduler_original:Active pipeline runs: []
INFO:mage_ai.server.scheduler_manager:Scheduler status: running.
INFO:mage_ai.orchestration.pipeline_scheduler_original:Active pipeline runs: []
INFO:mage_ai.orchestration.pipeline_scheduler_original:Active pipeline runs: []
INFO:mage_ai.server.scheduler_manager:Scheduler status: running.
INFO:mage_ai.orchestration.pipeline_scheduler_original:Active pipeline runs: []
INFO:mage_ai.orchestration.pipeline_scheduler_original:Active pipeline runs: []
INFO:mage_ai.server.scheduler_manager:Scheduler status: running.
INFO:mage_ai.orchestration.pipeline_scheduler_original:Active pipeline runs: []
INFO:mage_ai.orchestration.pipeline_scheduler_original:Active pipeline runs: []
INFO:mage_ai.server.scheduler_manager:Scheduler status: running.
INFO:mage_ai.orchestration.pipeline_scheduler_original:Active pipeline runs: []
INFO:mage_ai.orchestration.pipeline_scheduler_original:Active pipeline runs: []
INFO:mage_ai.server.scheduler_manager:Scheduler status: running.
INFO:mage_ai.orchestration.pipeline_scheduler_original:Active pipeline runs: []
INFO:mage_ai.orchestration.pipeline_scheduler_original:Active pipeline runs: []
INFO:mage_ai.server.scheduler_manager:Scheduler status: running.
INFO:mage_ai.orchestration.pipeline_scheduler_original:Active pipeline runs: []
INFO:mage_ai.orchestration.pipeline_scheduler_original:Active pipeline runs: []
INFO:mage_ai.server.scheduler_manager:Scheduler status: running.
INFO:mage_ai.orchestration.pipeline_scheduler_original:Active pipeline runs: []
INFO:mage_ai.orchestration.pipeline_scheduler_original:Active pipeline runs: []
INFO:mage_ai.server.scheduler_manager:Scheduler status: running.
INFO:mage_ai.orchestration.pipeline_scheduler_original:Active pipeline runs: []
INFO:mage_ai.orchestration.pipeline_scheduler_original:Active pipeline runs: []
INFO:mage_ai.server.scheduler_manager:Scheduler status: running.
INFO:mage_ai.orchestration.pipeline_scheduler_original:Active pipeline runs: []
INFO:mage_ai.orchestration.pipeline_scheduler_original:Active pipeline runs: []
INFO:mage_ai.server.scheduler_manager:Scheduler status: running.
INFO:mage_ai.orchestration.pipeline_scheduler_original:Active pipeline runs: []
INFO:mage_ai.orchestration.pipeline_scheduler_original:Active pipeline runs: []
INFO:mage_ai.server.scheduler_manager:Scheduler status: running.
INFO:mage_ai.orchestration.pipeline_scheduler_original:Active pipeline runs: []
INFO:mage_ai.orchestration.pipeline_scheduler_original:Active pipeline runs: []
INFO:mage_ai.server.scheduler_manager:Scheduler status: running.
INFO:mage_ai.orchestration.pipeline_scheduler_original:Active pipeline runs: []
INFO:mage_ai.orchestration.pipeline_scheduler_original:Active pipeline runs: []
INFO:mage_ai.server.scheduler_manager:Scheduler status: running.
INFO:mage_ai.orchestration.pipeline_scheduler_original:Active pipeline runs: []
INFO:mage_ai.orchestration.pipeline_scheduler_original:Active pipeline runs: []
INFO:mage_ai.server.scheduler_manager:Scheduler status: running.
INFO:mage_ai.orchestration.pipeline_scheduler_original:Active pipeline runs: []
INFO:mage_ai.orchestration.pipeline_scheduler_original:Active pipeline runs: []
INFO:mage_ai.server.scheduler_manager:Scheduler status: running.
INFO:mage_ai.orchestration.pipeline_scheduler_original:Active pipeline runs: []
INFO:mage_ai.orchestration.pipeline_scheduler_original:Active pipeline runs: []
INFO:mage_ai.server.scheduler_manager:Scheduler status: running.
INFO:mage_ai.orchestration.pipeline_scheduler_original:Active pipeline runs: []
INFO:mage_ai.orchestration.pipeline_scheduler_original:Active pipeline runs: []
INFO:mage_ai.server.scheduler_manager:Scheduler status: running.
INFO:mage_ai.orchestration.pipeline_scheduler_original:Active pipeline runs: []
INFO:mage_ai.orchestration.pipeline_scheduler_original:Active pipeline runs: []
INFO:mage_ai.server.scheduler_manager:Scheduler status: running.
INFO:mage_ai.orchestration.pipeline_scheduler_original:Active pipeline runs: []
INFO:mage_ai.orchestration.pipeline_scheduler_original:Active pipeline runs: []
INFO:mage_ai.server.scheduler_manager:Scheduler status: running.
INFO:mage_ai.orchestration.pipeline_scheduler_original:Active pipeline runs: []
INFO:mage_ai.orchestration.pipeline_scheduler_original:Active pipeline runs: []
INFO:mage_ai.server.scheduler_manager:Scheduler status: running.
INFO:mage_ai.orchestration.pipeline_scheduler_original:Active pipeline runs: []
INFO:mage_ai.orchestration.pipeline_scheduler_original:Active pipeline runs: []
INFO:mage_ai.server.scheduler_manager:Scheduler status: running.
INFO:mage_ai.orchestration.pipeline_scheduler_original:Active pipeline runs: []
INFO:mage_ai.orchestration.pipeline_scheduler_original:Active pipeline runs: []
INFO:mage_ai.server.scheduler_manager:Scheduler status: running.
INFO:mage_ai.orchestration.pipeline_scheduler_original:Active pipeline runs: []
INFO:mage_ai.orchestration.pipeline_scheduler_original:Active pipeline runs: []
INFO:mage_ai.server.scheduler_manager:Scheduler status: running.
INFO:mage_ai.orchestration.pipeline_scheduler_original:Active pipeline runs: []
INFO:mage_ai.orchestration.pipeline_scheduler_original:Active pipeline runs: []
INFO:mage_ai.server.scheduler_manager:Scheduler status: running.
INFO:mage_ai.orchestration.pipeline_scheduler_original:Active pipeline runs: []
INFO:mage_ai.orchestration.pipeline_scheduler_original:Active pipeline runs: []
INFO:mage_ai.server.scheduler_manager:Scheduler status: running.
INFO:mage_ai.orchestration.pipeline_scheduler_original:Active pipeline runs: []
INFO:mage_ai.orchestration.pipeline_scheduler_original:Active pipeline runs: []
INFO:mage_ai.server.scheduler_manager:Scheduler status: running.
INFO:mage_ai.orchestration.pipeline_scheduler_original:Active pipeline runs: []
INFO:mage_ai.orchestration.pipeline_scheduler_original:Active pipeline runs: []
INFO:mage_ai.server.scheduler_manager:Scheduler status: running.
INFO:mage_ai.orchestration.pipeline_scheduler_original:Active pipeline runs: []
INFO:mage_ai.orchestration.pipeline_scheduler_original:Active pipeline runs: []
INFO:mage_ai.server.scheduler_manager:Scheduler status: running.
INFO:mage_ai.orchestration.pipeline_scheduler_original:Active pipeline runs: []
INFO:mage_ai.orchestration.pipeline_scheduler_original:Active pipeline runs: []
INFO:mage_ai.server.scheduler_manager:Scheduler status: running.
INFO:mage_ai.orchestration.pipeline_scheduler_original:Active pipeline runs: []
INFO:mage_ai.orchestration.pipeline_scheduler_original:Active pipeline runs: []
INFO:mage_ai.server.scheduler_manager:Scheduler status: running.
INFO:mage_ai.orchestration.pipeline_scheduler_original:Active pipeline runs: []
INFO:mage_ai.orchestration.pipeline_scheduler_original:Active pipeline runs: []
INFO:mage_ai.server.scheduler_manager:Scheduler status: running.
INFO:mage_ai.orchestration.pipeline_scheduler_original:Active pipeline runs: []
INFO:mage_ai.orchestration.pipeline_scheduler_original:Active pipeline runs: []
INFO:mage_ai.server.scheduler_manager:Scheduler status: running.
INFO:mage_ai.orchestration.pipeline_scheduler_original:Active pipeline runs: []
INFO:mage_ai.orchestration.pipeline_scheduler_original:Active pipeline runs: []
INFO:mage_ai.server.scheduler_manager:Scheduler status: running.
INFO:mage_ai.orchestration.pipeline_scheduler_original:Active pipeline runs: []
INFO:mage_ai.orchestration.pipeline_scheduler_original:Active pipeline runs: []
INFO:mage_ai.server.scheduler_manager:Scheduler status: running.
INFO:mage_ai.orchestration.pipeline_scheduler_original:Active pipeline runs: []
INFO:mage_ai.orchestration.pipeline_scheduler_original:Active pipeline runs: []
INFO:mage_ai.server.scheduler_manager:Scheduler status: running.
INFO:mage_ai.orchestration.pipeline_scheduler_original:Active pipeline runs: []
INFO:mage_ai.orchestration.pipeline_scheduler_original:Active pipeline runs: []
INFO:mage_ai.server.scheduler_manager:Scheduler status: running.
INFO:mage_ai.orchestration.pipeline_scheduler_original:Active pipeline runs: []
INFO:mage_ai.orchestration.pipeline_scheduler_original:Active pipeline runs: []
INFO:mage_ai.server.scheduler_manager:Scheduler status: running.
INFO:mage_ai.orchestration.pipeline_scheduler_original:Active pipeline runs: []
INFO:mage_ai.orchestration.pipeline_scheduler_original:Active pipeline runs: []
INFO:mage_ai.server.scheduler_manager:Scheduler status: running.
INFO:mage_ai.orchestration.pipeline_scheduler_original:Active pipeline runs: []
INFO:mage_ai.orchestration.pipeline_scheduler_original:Active pipeline runs: []
INFO:mage_ai.server.scheduler_manager:Scheduler status: running.
INFO:mage_ai.orchestration.pipeline_scheduler_original:Active pipeline runs: []
INFO:mage_ai.orchestration.pipeline_scheduler_original:Active pipeline runs: []
INFO:mage_ai.server.scheduler_manager:Scheduler status: running.
INFO:mage_ai.orchestration.pipeline_scheduler_original:Active pipeline runs: []
INFO:mage_ai.orchestration.pipeline_scheduler_original:Active pipeline runs: []
INFO:mage_ai.server.scheduler_manager:Scheduler status: running.
INFO:mage_ai.orchestration.pipeline_scheduler_original:Active pipeline runs: []
INFO:mage_ai.orchestration.pipeline_scheduler_original:Active pipeline runs: []
INFO:mage_ai.server.scheduler_manager:Scheduler status: running.
INFO:mage_ai.orchestration.pipeline_scheduler_original:Active pipeline runs: []
